# JRE version: OpenJDK Runtime Environment (17.0.6) (build 17.0.6+0-b2043.56-9586694)
# Java VM: OpenJDK 64-Bit Server VM (17.0.6+0-b2043.56-9586694, mixed mode, tiered, compressed oops, compressed class ptrs, g1 gc, windows-amd64)
GC Precious Log:
 CPUs: 4 total, 4 available
 Memory: 8025M
 Large Page Support: Disabled
 NUMA Support: Disabled
 Compressed Oops: Enabled (32-bit)
 Heap Region Size: 1M
 Heap Min Capacity: 8M
 Heap Initial Capacity: 126M
 Heap Max Capacity: 2G
 Pre-touch: Disabled
 Parallel Workers: 4
 Concurrent Workers: 1
 Concurrent Refinement Workers: 4
 Periodic GC: Disabled
Heap:
 garbage-first heap   total 294912K, used 201546K [0x0000000080000000, 0x0000000100000000)
  region size 1024K, 11 young (11264K), 5 survivors (5120K)
 Metaspace       used 140597K, committed 141568K, reserved 1179648K
  class space    used 18604K, committed 19072K, reserved 1048576K
GC Heap History (20 events):
Event: 739.900 GC heap before
{Heap before GC invocations=40 (full 0):
 garbage-first heap   total 245760K, used 197246K [0x0000000080000000, 0x0000000100000000)
  region size 1024K, 49 young (50176K), 3 survivors (3072K)
 Metaspace       used 124887K, committed 125696K, reserved 1163264K
  class space    used 16617K, committed 17024K, reserved 1048576K
}
Event: 739.907 GC heap after
{Heap after GC invocations=41 (full 0):
 garbage-first heap   total 245760K, used 152236K [0x0000000080000000, 0x0000000100000000)
  region size 1024K, 4 young (4096K), 4 survivors (4096K)
 Metaspace       used 124887K, committed 125696K, reserved 1163264K
  class space    used 16617K, committed 17024K, reserved 1048576K
}
Event: 741.482 GC heap before
{Heap before GC invocations=41 (full 0):
 garbage-first heap   total 245760K, used 201388K [0x0000000080000000, 0x0000000100000000)
  region size 1024K, 52 young (53248K), 4 survivors (4096K)
 Metaspace       used 127016K, committed 127872K, reserved 1163264K
  class space    used 16932K, committed 17344K, reserved 1048576K
}
Event: 741.499 GC heap after
{Heap after GC invocations=42 (full 0):
 garbage-first heap   total 245760K, used 158187K [0x0000000080000000, 0x0000000100000000)
  region size 1024K, 7 young (7168K), 7 survivors (7168K)
 Metaspace       used 127016K, committed 127872K, reserved 1163264K
  class space    used 16932K, committed 17344K, reserved 1048576K
}
Event: 742.454 GC heap before
{Heap before GC invocations=42 (full 0):
 garbage-first heap   total 245760K, used 204267K [0x0000000080000000, 0x0000000100000000)
  region size 1024K, 50 young (51200K), 7 survivors (7168K)
 Metaspace       used 131416K, committed 132224K, reserved 1171456K
  class space    used 17520K, committed 17920K, reserved 1048576K
}
Event: 742.481 GC heap after
{Heap after GC invocations=43 (full 0):
 garbage-first heap   total 245760K, used 162278K [0x0000000080000000, 0x0000000100000000)
  region size 1024K, 5 young (5120K), 5 survivors (5120K)
 Metaspace       used 131416K, committed 132224K, reserved 1171456K
  class space    used 17520K, committed 17920K, reserved 1048576K
}
Event: 742.940 GC heap before
{Heap before GC invocations=43 (full 0):
 garbage-first heap   total 245760K, used 194022K [0x0000000080000000, 0x0000000100000000)
  region size 1024K, 20 young (20480K), 5 survivors (5120K)
 Metaspace       used 132872K, committed 133760K, reserved 1171456K
  class space    used 17728K, committed 18176K, reserved 1048576K
}
Event: 742.950 GC heap after
{Heap after GC invocations=44 (full 0):
 garbage-first heap   total 245760K, used 171008K [0x0000000080000000, 0x0000000100000000)
  region size 1024K, 2 young (2048K), 2 survivors (2048K)
 Metaspace       used 132872K, committed 133760K, reserved 1171456K
  class space    used 17728K, committed 18176K, reserved 1048576K
}
Event: 2076.137 GC heap before
{Heap before GC invocations=44 (full 0):
 garbage-first heap   total 245760K, used 215040K [0x0000000080000000, 0x0000000100000000)
  region size 1024K, 36 young (36864K), 2 survivors (2048K)
 Metaspace       used 133266K, committed 134144K, reserved 1171456K
  class space    used 17768K, committed 18240K, reserved 1048576K
}
Event: 2076.245 GC heap after
{Heap after GC invocations=45 (full 0):
 garbage-first heap   total 245760K, used 164067K [0x0000000080000000, 0x0000000100000000)
  region size 1024K, 2 young (2048K), 2 survivors (2048K)
 Metaspace       used 133266K, committed 134144K, reserved 1171456K
  class space    used 17768K, committed 18240K, reserved 1048576K
}
Event: 2547.085 GC heap before
{Heap before GC invocations=45 (full 0):
 garbage-first heap   total 245760K, used 206051K [0x0000000080000000, 0x0000000100000000)
  region size 1024K, 43 young (44032K), 2 survivors (2048K)
 Metaspace       used 133597K, committed 134464K, reserved 1171456K
  class space    used 17794K, committed 18240K, reserved 1048576K
}
Event: 2547.123 GC heap after
{Heap after GC invocations=46 (full 0):
 garbage-first heap   total 245760K, used 168191K [0x0000000080000000, 0x0000000100000000)
  region size 1024K, 6 young (6144K), 6 survivors (6144K)
 Metaspace       used 133597K, committed 134464K, reserved 1171456K
  class space    used 17794K, committed 18240K, reserved 1048576K
}
Event: 2549.435 GC heap before
{Heap before GC invocations=46 (full 0):
 garbage-first heap   total 245760K, used 208127K [0x0000000080000000, 0x0000000100000000)
  region size 1024K, 44 young (45056K), 6 survivors (6144K)
 Metaspace       used 136038K, committed 136896K, reserved 1171456K
  class space    used 18099K, committed 18496K, reserved 1048576K
}
Event: 2549.486 GC heap after
{Heap after GC invocations=47 (full 0):
 garbage-first heap   total 245760K, used 181811K [0x0000000080000000, 0x0000000100000000)
  region size 1024K, 6 young (6144K), 6 survivors (6144K)
 Metaspace       used 136038K, committed 136896K, reserved 1171456K
  class space    used 18099K, committed 18496K, reserved 1048576K
}
Event: 2549.892 GC heap before
{Heap before GC invocations=47 (full 0):
 garbage-first heap   total 245760K, used 202291K [0x0000000080000000, 0x0000000100000000)
  region size 1024K, 26 young (26624K), 6 survivors (6144K)
 Metaspace       used 136506K, committed 137408K, reserved 1171456K
  class space    used 18144K, committed 18560K, reserved 1048576K
}
Event: 2549.912 GC heap after
{Heap after GC invocations=48 (full 0):
 garbage-first heap   total 294912K, used 187805K [0x0000000080000000, 0x0000000100000000)
  region size 1024K, 4 young (4096K), 4 survivors (4096K)
 Metaspace       used 136506K, committed 137408K, reserved 1171456K
  class space    used 18144K, committed 18560K, reserved 1048576K
}
Event: 2551.675 GC heap before
{Heap before GC invocations=48 (full 0):
 garbage-first heap   total 294912K, used 241053K [0x0000000080000000, 0x0000000100000000)
  region size 1024K, 40 young (40960K), 4 survivors (4096K)
 Metaspace       used 139467K, committed 140352K, reserved 1171456K
  class space    used 18459K, committed 18880K, reserved 1048576K
}
Event: 2551.690 GC heap after
{Heap after GC invocations=49 (full 0):
 garbage-first heap   total 294912K, used 192541K [0x0000000080000000, 0x0000000100000000)
  region size 1024K, 5 young (5120K), 5 survivors (5120K)
 Metaspace       used 139467K, committed 140352K, reserved 1171456K
  class space    used 18459K, committed 18880K, reserved 1048576K
}
Event: 2563.871 GC heap before
{Heap before GC invocations=49 (full 0):
 garbage-first heap   total 294912K, used 228381K [0x0000000080000000, 0x0000000100000000)
  region size 1024K, 41 young (41984K), 5 survivors (5120K)
 Metaspace       used 140590K, committed 141568K, reserved 1179648K
  class space    used 18603K, committed 19072K, reserved 1048576K
}
Event: 2563.963 GC heap after
{Heap after GC invocations=50 (full 0):
 garbage-first heap   total 294912K, used 196426K [0x0000000080000000, 0x0000000100000000)
  region size 1024K, 5 young (5120K), 5 survivors (5120K)
 Metaspace       used 140590K, committed 141568K, reserved 1179648K
  class space    used 18603K, committed 19072K, reserved 1048576K
}

